<?xml version="1.0" encoding="UTF-8"?>
<testng-results ignored="0" total="2" passed="2" failed="0" skipped="0">
  <reporter-output>
  </reporter-output>
  <suite started-at="2022-12-24T19:39:50 IST" name="Default suite" finished-at="2022-12-24T19:39:50 IST" duration-ms="56">
    <groups>
    </groups>
    <test started-at="2022-12-24T19:39:50 IST" name="Default test" finished-at="2022-12-24T19:39:50 IST" duration-ms="56">
      <class name="com.GitDemo.GitProject.SampleProg1">
        <test-method signature="demo1()[pri:0, instance:com.GitDemo.GitProject.SampleProg1@242b836]" started-at="2022-12-24T19:39:50 IST" name="demo1" finished-at="2022-12-24T19:39:50 IST" duration-ms="10" status="PASS">
          <reporter-output>
          </reporter-output>
        </test-method> <!-- demo1 -->
        <test-method signature="demo2()[pri:0, instance:com.GitDemo.GitProject.SampleProg1@242b836]" started-at="2022-12-24T19:39:50 IST" name="demo2" finished-at="2022-12-24T19:39:50 IST" duration-ms="1" status="PASS">
          <reporter-output>
          </reporter-output>
        </test-method> <!-- demo2 -->
      </class> <!-- com.GitDemo.GitProject.SampleProg1 -->
    </test> <!-- Default test -->
  </suite> <!-- Default suite -->
</testng-results>
