<?xml version="1.0" encoding="UTF-8"?>
<!-- Generated by org.testng.reporters.JUnitXMLReporter -->
<testsuite ignored="0" hostname="BDC8-LX-CC2BXD3" failures="0" tests="6" name="Default test" time="0.288" errors="0" timestamp="2022-12-19T23:33:18 IST">
  <testcase classname="com.GitDemo.GitProject.complexJson" name="courseSize" time="0.017"/>
  <testcase classname="com.GitDemo.GitProject.complexJson" name="purchaseAmt" time="0.012"/>
  <testcase classname="com.GitDemo.GitProject.complexJson" name="courseTitle" time="0.056"/>
  <testcase classname="com.GitDemo.GitProject.complexJson" name="titles" time="0.066"/>
  <testcase classname="com.GitDemo.GitProject.complexJson" name="copiesCount" time="0.031"/>
  <testcase classname="com.GitDemo.GitProject.complexJson" name="sumPrice" time="0.071"/>
</testsuite> <!-- Default test -->
